#
# A fatal error has been detected by the Java Runtime Environment:
#
#  EXCEPTION_ACCESS_VIOLATION (0xc0000005) at pc=0x000001ed355f19f0, pid=12500, tid=13168
#
# JRE version: OpenJDK Runtime Environment (16.0.2+7) (build 16.0.2+7-67)
# Java VM: OpenJDK 64-Bit Server VM (16.0.2+7-67, mixed mode, tiered, compressed oops, compressed class ptrs, g1 gc, windows-amd64)
# Problematic frame:
# C  0x000001ed355f19f0
#
# No core dump will be written. Minidumps are not enabled by default on client versions of Windows
#
# If you would like to submit a bug report, please visit:
#   https://bugreport.java.com/bugreport/crash.jsp
#

---------------  S U M M A R Y ------------

Command Line: -Dfile.encoding=Cp1252 -XX:+ShowCodeDetailsInExceptionMessages web.App

Host: AMD Ryzen 5 1400 Quad-Core Processor           , 8 cores, 7G,  Windows 10 , 64 bit Build 19041 (10.0.19041.1348)
Time: Mon Dec  6 12:34:10 2021 Hora oficial do Brasil elapsed time: 2.499577 seconds (0d 0h 0m 2s)

---------------  T H R E A D  ---------------

Current thread (0x000001ed354789a0):  GCTaskThread "GC Thread#3" [stack: 0x000000c794850000,0x000000c794950000] [id=13168]

Stack: [0x000000c794850000,0x000000c794950000],  sp=0x000000c79494f010,  free space=1020k
Native frames: (J=compiled Java code, j=interpreted, Vv=VM code, C=native code)
C  0x000001ed355f19f0


siginfo: EXCEPTION_ACCESS_VIOLATION (0xc0000005), data execution prevention violation at address 0x000001ed355f19f0


Register to memory mapping:

RIP=0x000001ed355f19f0 points into unknown readable memory: 0x00007fffb7588928 | 28 89 58 b7 ff 7f 00 00
RAX=0x00000001001c2809 is pointing into metadata
RBX=0x0 is NULL
RCX=0x000001ed355f1b90 points into unknown readable memory: 0x00007fffb75888e0 | e0 88 58 b7 ff 7f 00 00
RDX=0x0000000081612374 points into unknown readable memory: 00 00 00 00
RSP=0x000000c79494f010 points into unknown readable memory: 0x0000000081612348 | 48 23 61 81 00 00 00 00
RBP=0x000001ed355f1b90 points into unknown readable memory: 0x00007fffb75888e0 | e0 88 58 b7 ff 7f 00 00
RSI=0x0000000088f7e8d8 is an oop: java.awt.Font 
{0x0000000088f7e8d8} - klass: 'java/awt/Font'
RDI=0x00000001001c2490 is a pointer to class: 
java.awt.Font {0x00000001001c2498}
R8 =0x00000001001c2490 is a pointer to class: 
java.awt.Font {0x00000001001c2498}
R9 =0x00007fffb6ca0000 jvm.dll
R10=0x0000000088f7e8d8 is an oop: java.awt.Font 
{0x0000000088f7e8d8} - klass: 'java/awt/Font'
R11=0x0000000081612348 is an oop: java.awt.Font 
{0x0000000081612348} - klass: 'java/awt/Font'
R12=0x0000000000000001 is an unknown value
R13=0x0000000000000009 is an unknown value
R14=0x00000001001c2808 is pointing into metadata
R15=0x0000000081612348 is an oop: java.awt.Font 
{0x0000000081612348} - klass: 'java/awt/Font'


Registers:
RAX=0x00000001001c2809, RBX=0x0000000000000000, RCX=0x000001ed355f1b90, RDX=0x0000000081612374
RSP=0x000000c79494f010, RBP=0x000001ed355f1b90, RSI=0x0000000088f7e8d8, RDI=0x00000001001c2490
R8 =0x00000001001c2490, R9 =0x00007fffb6ca0000, R10=0x0000000088f7e8d8, R11=0x0000000081612348
R12=0x0000000000000001, R13=0x0000000000000009, R14=0x00000001001c2808, R15=0x0000000081612348
RIP=0x000001ed355f19f0, EFLAGS=0x0000000000010206

Top of Stack: (sp=0x000000c79494f010)
0x000000c79494f010:   0000000081612348 00007fffb6f9def7
0x000000c79494f020:   0000000000000000 0000000088f7e8d8
0x000000c79494f030:   000000c79494f098 000001ed355e1b50
0x000000c79494f040:   000000c79494f080 00007fffb6fb9eaa
0x000000c79494f050:   0000000000000001 000000c794940001
0x000000c79494f060:   0000000000000000 0000000000000001
0x000000c79494f070:   0000000000000008 00007fffb6f9c399
0x000000c79494f080:   0000000000000001 0000000000000000
0x000000c79494f090:   0000000088f80118 0000000000000000
0x000000c79494f0a0:   0000000000000040 00000000000003d8
0x000000c79494f0b0:   000001ed338bec68 000001ed355f19f0
0x000000c79494f0c0:   0000000081612058 0000000081612059
0x000000c79494f0d0:   0000000000000562 00007fffb6f9ec62
0x000000c79494f0e0:   0000000088f70001 00007fffb6f90001
0x000000c79494f0f0:   000001ed356c0001 0000000000000001
0x000000c79494f100:   000000c79494f180 0000000000000001 

Instructions: (pc=0x000001ed355f19f0)
0x000001ed355f18f0:   01 00 0b 55 4e 54 52 41 43 4b 41 42 4c 45 01 00
0x000001ed355f1900:   21 4c 73 75 6e 2f 6a 61 76 61 32 64 2f 53 74 61
0x000001ed355f1910:   74 65 54 72 61 63 6b 61 62 6c 65 24 53 74 61 74
0x000001ed355f1920:   65 3b 0a 00 38 00 5f 0c 00 60 00 61 01 00 09 67
0x000001ed355f1930:   65 74 42 6f 75 6e 64 73 01 00 16 28 29 4c 6a 61
0x000001ed355f1940:   76 61 2f 61 77 74 2f 52 65 63 74 61 6e 67 6c 65
0x000001ed355f1950:   3b 09 00 63 00 64 07 00 65 0c 00 66 00 0c 01 00
0x000001ed355f1960:   12 6a 61 76 61 2f 61 77 74 2f 52 65 63 74 61 6e
0x000001ed355f1970:   67 6c 65 01 00 05 77 69 64 74 68 09 00 63 00 68
0x000001ed355f1980:   0c 00 69 00 0c 01 00 06 68 65 69 67 68 74 0a 00
0x000001ed355f1990:   02 00 6b 0c 00 6c 00 6d 01 00 13 76 61 6c 69 64
0x000001ed355f19a0:   61 74 65 53 75 72 66 61 63 65 44 61 74 61 01 00
0x000001ed355f19b0:   4c 28 4c 73 75 6e 2f 6a 61 76 61 32 64 2f 53 75
0x000001ed355f19c0:   72 66 61 63 65 44 61 74 61 3b 4c 73 75 6e 2f 6a
0x000001ed355f19d0:   61 76 61 32 64 2f 53 75 72 66 61 63 65 44 61 74
0x000001ed355f19e0:   61 3b 49 49 29 4c 73 75 e5 f7 92 ec 76 07 00 90
0x000001ed355f19f0:   28 89 58 b7 ff 7f 00 00 80 12 dd 18 ed 01 00 00
0x000001ed355f1a00:   f0 8c dd 18 ed 01 00 00 20 95 58 b7 ff 7f 00 00
0x000001ed355f1a10:   38 1a 5f 35 ed 01 00 00 01 01 00 33 28 4c 73 75
0x000001ed355f1a20:   38 05 00 00 00 00 00 00 00 08 00 00 00 00 00 00
0x000001ed355f1a30:   00 de 56 35 ed 01 00 00 10 95 58 b7 ff 7f 00 00
0x000001ed355f1a40:   28 a1 dd 18 ed 01 00 00 00 61 63 6b 65 72 3b 0a
0x000001ed355f1a50:   e0 f3 4f 93 c7 00 00 00 00 00 00 00 00 00 00 00
0x000001ed355f1a60:   00 00 00 00 00 00 00 00 00 00 00 00 00 00 00 00
0x000001ed355f1a70:   b0 d1 db 18 ed 01 00 00 60 d5 20 35 ed 01 00 00
0x000001ed355f1a80:   20 fe 4f 35 ed 01 00 00 00 00 00 00 00 00 00 00
0x000001ed355f1a90:   76 74 00 00 00 00 00 00 00 00 00 00 00 00 00 00
0x000001ed355f1aa0:   00 00 00 00 00 00 00 00 00 00 00 00 00 00 00 00
0x000001ed355f1ab0:   00 00 00 00 00 00 00 00 00 00 00 00 00 00 00 00
0x000001ed355f1ac0:   00 00 00 00 00 00 00 00 00 00 00 00 00 00 00 00
0x000001ed355f1ad0:   00 00 00 00 00 00 00 00 00 00 00 00 00 00 00 00
0x000001ed355f1ae0:   00 00 00 00 00 00 00 00 00 00 00 00 00 00 00 00 


Stack slot to memory mapping:
stack at sp + 0 slots: 0x0000000081612348 is an oop: java.awt.Font 
{0x0000000081612348} - klass: 'java/awt/Font'
stack at sp + 1 slots: 0x00007fffb6f9def7 jvm.dll
stack at sp + 2 slots: 0x0 is NULL
stack at sp + 3 slots: 0x0000000088f7e8d8 is an oop: java.awt.Font 
{0x0000000088f7e8d8} - klass: 'java/awt/Font'
stack at sp + 4 slots: 0x000000c79494f098 points into unknown readable memory: 0x0000000000000000 | 00 00 00 00 00 00 00 00
stack at sp + 5 slots: 0x000001ed355e1b50 points into unknown readable memory: 0x63652f67726f4c28 | 28 4c 6f 72 67 2f 65 63
stack at sp + 6 slots: 0x000000c79494f080 points into unknown readable memory: 0x0000000000000001 | 01 00 00 00 00 00 00 00
stack at sp + 7 slots: 0x00007fffb6fb9eaa jvm.dll


---------------  P R O C E S S  ---------------

Threads class SMR info:
_java_thread_list=0x000001ed355bc3e0, length=18, elements={
0x000001ed3381b010, 0x000001ed3381c670, 0x000001ed32c7e500, 0x000001ed33809740,
0x000001ed33839bb0, 0x000001ed338507b0, 0x000001ed33852ba0, 0x000001ed33853d40,
0x000001ed33868e80, 0x000001ed339ea020, 0x000001ed339e9080, 0x000001ed342a7040,
0x000001ed34064190, 0x000001ed3423a990, 0x000001ed3553d660, 0x000001ed356d5f20,
0x000001ed356fb010, 0x000001ed18dbed70
}

Java Threads: ( => current thread )
  0x000001ed3381b010 JavaThread "Reference Handler" daemon [_thread_blocked, id=14592, stack(0x000000c793500000,0x000000c793600000)]
  0x000001ed3381c670 JavaThread "Finalizer" daemon [_thread_blocked, id=12068, stack(0x000000c793600000,0x000000c793700000)]
  0x000001ed32c7e500 JavaThread "Signal Dispatcher" daemon [_thread_blocked, id=2840, stack(0x000000c793700000,0x000000c793800000)]
  0x000001ed33809740 JavaThread "Attach Listener" daemon [_thread_blocked, id=1580, stack(0x000000c793800000,0x000000c793900000)]
  0x000001ed33839bb0 JavaThread "Service Thread" daemon [_thread_blocked, id=3244, stack(0x000000c793900000,0x000000c793a00000)]
  0x000001ed338507b0 JavaThread "Monitor Deflation Thread" daemon [_thread_blocked, id=10772, stack(0x000000c793a00000,0x000000c793b00000)]
  0x000001ed33852ba0 JavaThread "C2 CompilerThread0" daemon [_thread_blocked, id=14596, stack(0x000000c793b00000,0x000000c793c00000)]
  0x000001ed33853d40 JavaThread "C1 CompilerThread0" daemon [_thread_blocked, id=12408, stack(0x000000c793c00000,0x000000c793d00000)]
  0x000001ed33868e80 JavaThread "Sweeper thread" daemon [_thread_blocked, id=12884, stack(0x000000c793d00000,0x000000c793e00000)]
  0x000001ed339ea020 JavaThread "Notification Thread" daemon [_thread_blocked, id=13444, stack(0x000000c793e00000,0x000000c793f00000)]
  0x000001ed339e9080 JavaThread "Common-Cleaner" daemon [_thread_blocked, id=4396, stack(0x000000c794000000,0x000000c794100000)]
  0x000001ed342a7040 JavaThread "Java2D Disposer" daemon [_thread_blocked, id=6252, stack(0x000000c794100000,0x000000c794200000)]
  0x000001ed34064190 JavaThread "AWT-Shutdown" [_thread_blocked, id=13688, stack(0x000000c794200000,0x000000c794300000)]
  0x000001ed3423a990 JavaThread "AWT-Windows" daemon [_thread_blocked, id=11836, stack(0x000000c794300000,0x000000c794400000)]
  0x000001ed3553d660 JavaThread "AWT-EventQueue-0" [_thread_blocked, id=1940, stack(0x000000c794e50000,0x000000c794f50000)]
  0x000001ed356d5f20 JavaThread "D3D Screen Updater" daemon [_thread_blocked, id=10532, stack(0x000000c795250000,0x000000c795350000)]
  0x000001ed356fb010 JavaThread "Thread-0" [_thread_blocked, id=11668, stack(0x000000c795350000,0x000000c795450000)]
  0x000001ed18dbed70 JavaThread "DestroyJavaVM" [_thread_blocked, id=12700, stack(0x000000c792e00000,0x000000c792f00000)]

Other Threads:
  0x000001ed32c6d280 VMThread "VM Thread" [stack: 0x000000c793400000,0x000000c793500000] [id=5516]
  0x000001ed32bee2d0 WatcherThread [stack: 0x000000c793f00000,0x000000c794000000] [id=14856]
  0x000001ed18dfd5c0 GCTaskThread "GC Thread#0" [stack: 0x000000c792f00000,0x000000c793000000] [id=2792]
  0x000001ed35478070 GCTaskThread "GC Thread#1" [stack: 0x000000c794650000,0x000000c794750000] [id=2392]
  0x000001ed35477430 GCTaskThread "GC Thread#2" [stack: 0x000000c794750000,0x000000c794850000] [id=14780]
=>0x000001ed354789a0 GCTaskThread "GC Thread#3" [stack: 0x000000c794850000,0x000000c794950000] [id=13168]
  0x000001ed35478cb0 GCTaskThread "GC Thread#4" [stack: 0x000000c794950000,0x000000c794a50000] [id=11176]
  0x000001ed35475bb0 GCTaskThread "GC Thread#5" [stack: 0x000000c794a50000,0x000000c794b50000] [id=1724]
  0x000001ed354767f0 GCTaskThread "GC Thread#6" [stack: 0x000000c794b50000,0x000000c794c50000] [id=14920]
  0x000001ed35477a50 GCTaskThread "GC Thread#7" [stack: 0x000000c794c50000,0x000000c794d50000] [id=13996]
  0x000001ed18e4d010 ConcurrentGCThread "G1 Main Marker" [stack: 0x000000c793000000,0x000000c793100000] [id=2112]
  0x000001ed18e4db00 ConcurrentGCThread "G1 Conc#0" [stack: 0x000000c793100000,0x000000c793200000] [id=8964]
  0x000001ed35475ec0 ConcurrentGCThread "G1 Conc#1" [stack: 0x000000c794d50000,0x000000c794e50000] [id=3068]
  0x000001ed32abc110 ConcurrentGCThread "G1 Refine#0" [stack: 0x000000c793200000,0x000000c793300000] [id=14000]
  0x000001ed32abca30 ConcurrentGCThread "G1 Service" [stack: 0x000000c793300000,0x000000c793400000] [id=7028]

Threads with active compile tasks:
C1 CompilerThread0     2550 1675       3       jdk.internal.loader.BuiltinClassLoader::defineClass (121 bytes)

VM state: at safepoint (normal execution)

VM Mutex/Monitor currently owned by a thread:  ([mutex/lock_event])
[0x000001ed18db9f10] Threads_lock - owner thread: 0x000001ed32c6d280
[0x000001ed18dbac00] Heap_lock - owner thread: 0x000001ed3553d660

Heap address: 0x0000000081000000, size: 2032 MB, Compressed Oops mode: 32-bit

CDS disabled.
Compressed class space mapped at: 0x0000000100000000-0x0000000140000000, reserved size: 1073741824
Narrow klass base: 0x0000000000000000, Narrow klass shift: 3, Narrow klass range: 0x140000000

GC Precious Log:
 CPUs: 8 total, 8 available
 Memory: 8121M
 Large Page Support: Disabled
 NUMA Support: Disabled
 Compressed Oops: Enabled (32-bit)
 Heap Region Size: 1M
 Heap Min Capacity: 8M
 Heap Initial Capacity: 128M
 Heap Max Capacity: 2032M
 Pre-touch: Disabled
 Parallel Workers: 8
 Concurrent Workers: 2
 Concurrent Refinement Workers: 8
 Periodic GC: Disabled

Heap:
 garbage-first heap   total 20480K, used 13410K [0x0000000081000000, 0x0000000100000000)
  region size 1024K, 11 young (11264K), 2 survivors (2048K)
 Metaspace       used 25659K, committed 25856K, reserved 1073152K
  class space    used 2740K, committed 2816K, reserved 1048576K

Heap Regions: E=young(eden), S=young(survivor), O=old, HS=humongous(starts), HC=humongous(continues), CS=collection set, F=free, OA=open archive, CA=closed archive, TAMS=top-at-mark-start (previous, next)
|   0|0x0000000081000000, 0x00000000810ffff8, 0x0000000081100000| 99%| O|  |TAMS 0x0000000081000000, 0x0000000081000000| Untracked 
|   1|0x0000000081100000, 0x0000000081118c00, 0x0000000081200000|  9%| O|  |TAMS 0x0000000081100000, 0x0000000081100000| Untracked 
|   2|0x0000000081200000, 0x0000000081300000, 0x0000000081300000|100%| O|  |TAMS 0x0000000081200000, 0x0000000081200000| Untracked 
|   3|0x0000000081300000, 0x0000000081400000, 0x0000000081400000|100%| O|  |TAMS 0x0000000081300000, 0x0000000081300000| Untracked 
|   4|0x0000000081400000, 0x0000000081479540, 0x0000000081500000| 47%| O|  |TAMS 0x0000000081400000, 0x0000000081400000| Untracked 
|   5|0x0000000081500000, 0x0000000081500000, 0x0000000081600000|  0%| F|  |TAMS 0x0000000081500000, 0x0000000081500000| Untracked 
|   6|0x0000000081600000, 0x000000008165a900, 0x0000000081700000| 35%| S|  |TAMS 0x0000000081600000, 0x0000000081600000| Complete 
|   7|0x0000000081700000, 0x0000000081800000, 0x0000000081800000|100%| S|  |TAMS 0x0000000081700000, 0x0000000081700000| Complete 
|   8|0x0000000081800000, 0x0000000081900000, 0x0000000081900000|100%| E|CS|TAMS 0x0000000081800000, 0x0000000081800000| Complete 
|   9|0x0000000081900000, 0x0000000081a00000, 0x0000000081a00000|100%| E|CS|TAMS 0x0000000081900000, 0x0000000081900000| Complete 
|  10|0x0000000081a00000, 0x0000000081b00000, 0x0000000081b00000|100%| E|CS|TAMS 0x0000000081a00000, 0x0000000081a00000| Complete 
|  11|0x0000000081b00000, 0x0000000081c00000, 0x0000000081c00000|100%| E|CS|TAMS 0x0000000081b00000, 0x0000000081b00000| Complete 
|  12|0x0000000081c00000, 0x0000000081d00000, 0x0000000081d00000|100%| E|CS|TAMS 0x0000000081c00000, 0x0000000081c00000| Complete 
|  13|0x0000000081d00000, 0x0000000081e00000, 0x0000000081e00000|100%| E|CS|TAMS 0x0000000081d00000, 0x0000000081d00000| Complete 
|  14|0x0000000081e00000, 0x0000000081f00000, 0x0000000081f00000|100%| E|CS|TAMS 0x0000000081e00000, 0x0000000081e00000| Complete 
|  15|0x0000000081f00000, 0x0000000082000000, 0x0000000082000000|100%| E|CS|TAMS 0x0000000081f00000, 0x0000000081f00000| Complete 
| 107|0x0000000087b00000, 0x0000000087c00000, 0x0000000087c00000|100%| E|CS|TAMS 0x0000000087b00000, 0x0000000087b00000| Complete 
| 108|0x0000000087c00000, 0x0000000087d00000, 0x0000000087d00000|100%| E|CS|TAMS 0x0000000087c00000, 0x0000000087c00000| Complete 
| 109|0x0000000087d00000, 0x0000000087e00000, 0x0000000087e00000|100%| E|CS|TAMS 0x0000000087d00000, 0x0000000087d00000| Complete 
| 127|0x0000000088f00000, 0x0000000089000000, 0x0000000089000000|100%| E|CS|TAMS 0x0000000088f00000, 0x0000000088f00000| Complete 

Card table byte_map: [0x000001ed2ba80000,0x000001ed2be80000] _byte_map_base: 0x000001ed2b678000

Marking Bits (Prev, Next): (CMBitMap*) 0x000001ed18dfed00, (CMBitMap*) 0x000001ed18dfecc0
 Prev Bits: [0x000001ed2e240000, 0x000001ed30200000)
 Next Bits: [0x000001ed2c280000, 0x000001ed2e240000)

Polling page: 0x000001ed185a0000

Metaspace:

Usage:
  Non-class:     22.38 MB used.
      Class:      2.68 MB used.
       Both:     25.06 MB used.

Virtual space:
  Non-class space:       24.00 MB reserved,      22.50 MB ( 94%) committed,  3 nodes.
      Class space:        1.00 GB reserved,       2.75 MB ( <1%) committed,  1 nodes.
              Both:        1.02 GB reserved,      25.25 MB (  2%) committed. 

Chunk freelists:
   Non-Class:  832.00 KB
       Class:  1.12 MB
        Both:  1.94 MB

MaxMetaspaceSize: 17179869184.00 GB
CompressedClassSpaceSize: 1.00 GB
 - commit_granule_bytes: 65536.
 - commit_granule_words: 8192.
 - virtual_space_node_default_size: 1048576.
 - enlarge_chunks_in_place: 1.
 - new_chunks_are_fully_committed: 0.
 - uncommit_free_chunks: 1.
 - use_allocation_guard: 0.
 - handle_deallocations: 1.


Internal statistics:

num_allocs_failed_limit: 3.
num_arena_births: 154.
num_arena_deaths: 0.
num_vsnodes_births: 4.
num_vsnodes_deaths: 0.
num_space_committed: 404.
num_space_uncommitted: 0.
num_chunks_returned_to_freelist: 3.
num_chunks_taken_from_freelist: 366.
num_chunk_merges: 0.
num_chunk_splits: 207.
num_chunks_enlarged: 123.
num_purges: 0.

CodeHeap 'non-profiled nmethods': size=120000Kb used=557Kb max_used=557Kb free=119442Kb
 bounds [0x000001ed23e10000, 0x000001ed24080000, 0x000001ed2b340000]
CodeHeap 'profiled nmethods': size=120000Kb used=2958Kb max_used=2958Kb free=117041Kb
 bounds [0x000001ed1c8e0000, 0x000001ed1cbd0000, 0x000001ed23e10000]
CodeHeap 'non-nmethods': size=5760Kb used=1347Kb max_used=1361Kb free=4412Kb
 bounds [0x000001ed1c340000, 0x000001ed1c5b0000, 0x000001ed1c8e0000]
 total_blobs=2354 nmethods=1673 adapters=594
 compilation: enabled
              stopped_count=0, restarted_count=0
 full_count=0

Compilation events (20 events):
Event: 2.472 Thread 0x000001ed33853d40 nmethod 1664 0x000001ed1cbbbe90 code [0x000001ed1cbbc0c0, 0x000001ed1cbbc838]
Event: 2.472 Thread 0x000001ed33853d40 1665       3       sun.font.TrueTypeFont::setCJKSupport (56 bytes)
Event: 2.472 Thread 0x000001ed33853d40 nmethod 1665 0x000001ed1cbbc990 code [0x000001ed1cbbcb60, 0x000001ed1cbbcec8]
Event: 2.472 Thread 0x000001ed33853d40 1666       3       sun.net.www.protocol.jar.Handler::checkNestedProtocol (18 bytes)
Event: 2.472 Thread 0x000001ed33853d40 nmethod 1666 0x000001ed1cbbcf90 code [0x000001ed1cbbd140, 0x000001ed1cbbd328]
Event: 2.472 Thread 0x000001ed33853d40 1667   !   3       sun.nio.ch.FileChannelImpl::implCloseChannel (169 bytes)
Event: 2.474 Thread 0x000001ed33853d40 nmethod 1667 0x000001ed1cbbd410 code [0x000001ed1cbbd780, 0x000001ed1cbbed48]
Event: 2.474 Thread 0x000001ed33853d40 1668  s!   3       sun.nio.ch.NativeThreadSet::signalAndWait (134 bytes)
Event: 2.474 Thread 0x000001ed33853d40 nmethod 1668 0x000001ed1cbbf490 code [0x000001ed1cbbf680, 0x000001ed1cbbfcf8]
Event: 2.474 Thread 0x000001ed33853d40 1669   !   3       java.io.RandomAccessFile::close (69 bytes)
Event: 2.475 Thread 0x000001ed33853d40 nmethod 1669 0x000001ed1cbbff90 code [0x000001ed1cbc0180, 0x000001ed1cbc06b8]
Event: 2.475 Thread 0x000001ed33853d40 1670       3       java.security.AccessController::executePrivileged (65 bytes)
Event: 2.476 Thread 0x000001ed33853d40 nmethod 1670 0x000001ed1cbc0890 code [0x000001ed1cbc0a60, 0x000001ed1cbc0d58]
Event: 2.477 Thread 0x000001ed33853d40 1671   !   3       jdk.internal.loader.URLClassPath$FileLoader::getResource (164 bytes)
Event: 2.479 Thread 0x000001ed33853d40 nmethod 1671 0x000001ed1cbc0e90 code [0x000001ed1cbc11e0, 0x000001ed1cbc2528]
Event: 2.480 Thread 0x000001ed33853d40 1673       3       java.io.FilterInputStream::<init> (10 bytes)
Event: 2.480 Thread 0x000001ed33853d40 nmethod 1673 0x000001ed1cbc2e10 code [0x000001ed1cbc2fc0, 0x000001ed1cbc31f8]
Event: 2.481 Thread 0x000001ed33853d40 1674   !   3       java.util.zip.Inflater::setInput (69 bytes)
Event: 2.482 Thread 0x000001ed33853d40 nmethod 1674 0x000001ed1cbc3310 code [0x000001ed1cbc34e0, 0x000001ed1cbc38e8]
Event: 2.483 Thread 0x000001ed33853d40 1675       3       jdk.internal.loader.BuiltinClassLoader::defineClass (121 bytes)

GC Heap History (3 events):
Event: 2.138 GC heap before
{Heap before GC invocations=0 (full 0):
 garbage-first heap   total 131072K, used 16384K [0x0000000081000000, 0x0000000100000000)
  region size 1024K, 18 young (18432K), 0 survivors (0K)
 Metaspace       used 21090K, committed 21248K, reserved 1073152K
  class space    used 2208K, committed 2304K, reserved 1048576K
}
Event: 2.144 GC heap after
{Heap after GC invocations=1 (full 0):
 garbage-first heap   total 131072K, used 4194K [0x0000000081000000, 0x0000000100000000)
  region size 1024K, 3 young (3072K), 3 survivors (3072K)
 Metaspace       used 21090K, committed 21248K, reserved 1073152K
  class space    used 2208K, committed 2304K, reserved 1048576K
}
Event: 2.483 GC heap before
{Heap before GC invocations=2 (full 0):
 garbage-first heap   total 20480K, used 13410K [0x0000000081000000, 0x0000000100000000)
  region size 1024K, 12 young (12288K), 3 survivors (3072K)
 Metaspace       used 25659K, committed 25856K, reserved 1073152K
  class space    used 2740K, committed 2816K, reserved 1048576K
}

Deoptimization events (20 events):
Event: 2.340 Thread 0x000001ed18dbed70 Uncommon trap: trap_request=0xffffffde fr.pc=0x000001ed23e61710 relative=0x0000000000000f70
Event: 2.340 Thread 0x000001ed18dbed70 Uncommon trap: reason=class_check action=maybe_recompile pc=0x000001ed23e61710 method=java.util.regex.Pattern$Start.match(Ljava/util/regex/Matcher;ILjava/lang/CharSequence;)Z @ 44 c2
Event: 2.340 Thread 0x000001ed18dbed70 DEOPT PACKING pc=0x000001ed23e61710 sp=0x000000c792eff080
Event: 2.340 Thread 0x000001ed18dbed70 DEOPT UNPACKING pc=0x000001ed1c38d72e sp=0x000000c792eff070 mode 2
Event: 2.364 Thread 0x000001ed3553d660 Uncommon trap: trap_request=0xffffff45 fr.pc=0x000001ed23e47210 relative=0x0000000000000910
Event: 2.364 Thread 0x000001ed3553d660 Uncommon trap: reason=unstable_if action=reinterpret pc=0x000001ed23e47210 method=java.util.HashMap.putVal(ILjava/lang/Object;Ljava/lang/Object;ZZ)Ljava/lang/Object; @ 81 c2
Event: 2.364 Thread 0x000001ed3553d660 DEOPT PACKING pc=0x000001ed23e47210 sp=0x000000c794f4cb10
Event: 2.364 Thread 0x000001ed3553d660 DEOPT UNPACKING pc=0x000001ed1c38d72e sp=0x000000c794f4cab0 mode 2
Event: 2.403 Thread 0x000001ed356fb010 Uncommon trap: trap_request=0xffffffde fr.pc=0x000001ed23e61710 relative=0x0000000000000f70
Event: 2.403 Thread 0x000001ed356fb010 Uncommon trap: reason=class_check action=maybe_recompile pc=0x000001ed23e61710 method=java.util.regex.Pattern$Start.match(Ljava/util/regex/Matcher;ILjava/lang/CharSequence;)Z @ 44 c2
Event: 2.403 Thread 0x000001ed356fb010 DEOPT PACKING pc=0x000001ed23e61710 sp=0x000000c79544d3b0
Event: 2.403 Thread 0x000001ed356fb010 DEOPT UNPACKING pc=0x000001ed1c38d72e sp=0x000000c79544d3a0 mode 2
Event: 2.403 Thread 0x000001ed356fb010 Uncommon trap: trap_request=0xffffffde fr.pc=0x000001ed23e61710 relative=0x0000000000000f70
Event: 2.403 Thread 0x000001ed356fb010 Uncommon trap: reason=class_check action=maybe_recompile pc=0x000001ed23e61710 method=java.util.regex.Pattern$Start.match(Ljava/util/regex/Matcher;ILjava/lang/CharSequence;)Z @ 44 c2
Event: 2.403 Thread 0x000001ed356fb010 DEOPT PACKING pc=0x000001ed23e61710 sp=0x000000c79544d3b0
Event: 2.403 Thread 0x000001ed356fb010 DEOPT UNPACKING pc=0x000001ed1c38d72e sp=0x000000c79544d3a0 mode 2
Event: 2.442 Thread 0x000001ed356fb010 Uncommon trap: trap_request=0xffffff45 fr.pc=0x000001ed23e94da4 relative=0x00000000000001e4
Event: 2.442 Thread 0x000001ed356fb010 Uncommon trap: reason=unstable_if action=reinterpret pc=0x000001ed23e94da4 method=java.io.WinNTFileSystem.normalize(Ljava/lang/String;)Ljava/lang/String; @ 104 c2
Event: 2.442 Thread 0x000001ed356fb010 DEOPT PACKING pc=0x000001ed23e94da4 sp=0x000000c79544d1f0
Event: 2.442 Thread 0x000001ed356fb010 DEOPT UNPACKING pc=0x000001ed1c38d72e sp=0x000000c79544d168 mode 2

Classes unloaded (0 events):
No events

Classes redefined (0 events):
No events

Internal exceptions (20 events):
Event: 0.764 Thread 0x000001ed18dbed70 Exception <a 'java/lang/NoSuchMethodError'{0x00000000889a7e70}: 'void java.lang.invoke.DirectMethodHandle$Holder.invokeStaticInit(java.lang.Object, java.lang.Object)'> (0x00000000889a7e70) 
thrown [t:\workspace\open\src\hotspot\share\interpreter\linkResolver.cpp, line 790]
Event: 0.766 Thread 0x000001ed18dbed70 Exception <a 'java/lang/NoSuchMethodError'{0x00000000889ae538}: 'int java.lang.invoke.DirectMethodHandle$Holder.invokeStaticInit(java.lang.Object, java.lang.Object)'> (0x00000000889ae538) 
thrown [t:\workspace\open\src\hotspot\share\interpreter\linkResolver.cpp, line 790]
Event: 0.814 Thread 0x000001ed18dbed70 Exception <a 'java/lang/NoSuchMethodError'{0x00000000887dbee8}: 'java.lang.Object java.lang.invoke.DirectMethodHandle$Holder.invokeStaticInit(java.lang.Object, int, int, int, int)'> (0x00000000887dbee8) 
thrown [t:\workspace\open\src\hotspot\share\interpreter\linkResolver.cpp, line 790]
Event: 0.858 Thread 0x000001ed18dbed70 Exception <a 'java/lang/NoSuchMethodError'{0x00000000887fe9d8}: 'java.lang.Object java.lang.invoke.DirectMethodHandle$Holder.invokeStaticInit(java.lang.Object, java.lang.Object, int, int, int, int)'> (0x00000000887fe9d8) 
thrown [t:\workspace\open\src\hotspot\share\interpreter\linkResolver.cpp, line 790]
Event: 1.133 Thread 0x000001ed18dbed70 Exception <a 'java/lang/NoSuchMethodError'{0x000000008838de68}: 'void java.lang.invoke.DirectMethodHandle$Holder.invokeStatic(java.lang.Object, java.lang.Object, java.lang.Object)'> (0x000000008838de68) 
thrown [t:\workspace\open\src\hotspot\share\interpreter\linkResolver.cpp, line 790]
Event: 1.500 Thread 0x000001ed18dbed70 Exception <a 'java/lang/ClassNotFoundException'{0x00000000882aaa10}: sun/awt/resources/spi/awtProvider> (0x00000000882aaa10) 
thrown [t:\workspace\open\src\hotspot\share\classfile\systemDictionary.cpp, line 256]
Event: 1.511 Thread 0x000001ed18dbed70 Exception <a 'java/io/FileNotFoundException'{0x00000000882d78e0}> (0x00000000882d78e0) 
thrown [t:\workspace\open\src\hotspot\share\prims\jni.cpp, line 579]
Event: 1.516 Thread 0x000001ed18dbed70 Exception <a 'java/io/FileNotFoundException'{0x0000000088106890}> (0x0000000088106890) 
thrown [t:\workspace\open\src\hotspot\share\prims\jni.cpp, line 579]
Event: 1.730 Thread 0x000001ed18dbed70 Exception <a 'java/lang/NoSuchMethodError'{0x0000000088032d20}: 'java.lang.Object java.lang.invoke.DirectMethodHandle$Holder.newInvokeSpecial(java.lang.Object, java.lang.Object, java.lang.Object, java.lang.Object, java.lang.Object)'> (0x0000000088032d20) 
thrown [t:\workspace\open\src\hotspot\share\interpreter\linkResolver.cpp, line 790]
Event: 1.732 Thread 0x000001ed18dbed70 Exception <a 'java/lang/NoSuchMethodError'{0x000000008803e808}: 'java.lang.Object java.lang.invoke.DirectMethodHandle$Holder.invokeStatic(java.lang.Object, int, java.lang.Object, java.lang.Object, java.lang.Object, java.lang.Object)'> (0x000000008803e808) 
thrown [t:\workspace\open\src\hotspot\share\interpreter\linkResolver.cpp, line 790]
Event: 1.735 Thread 0x000001ed18dbed70 Exception <a 'java/lang/NoSuchMethodError'{0x00000000880648a0}: 'java.lang.Object java.lang.invoke.DirectMethodHandle$Holder.invokeStatic(java.lang.Object, int, java.lang.Object)'> (0x00000000880648a0) 
thrown [t:\workspace\open\src\hotspot\share\interpreter\linkResolver.cpp, line 790]
Event: 1.760 Thread 0x000001ed18dbed70 Exception <a 'java/lang/ClassNotFoundException'{0x0000000087f20df0}: com/sun/swing/internal/plaf/metal/resources/spi/metalProvider> (0x0000000087f20df0) 
thrown [t:\workspace\open\src\hotspot\share\classfile\systemDictionary.cpp, line 256]
Event: 1.761 Thread 0x000001ed18dbed70 Exception <a 'java/lang/ClassNotFoundException'{0x0000000087f250a8}: com/sun/swing/internal/plaf/basic/resources/spi/basicProvider> (0x0000000087f250a8) 
thrown [t:\workspace\open\src\hotspot\share\classfile\systemDictionary.cpp, line 256]
Event: 1.765 Thread 0x000001ed18dbed70 Implicit null exception at 0x000001ed23e4425e to 0x000001ed23e44b91
Event: 1.769 Thread 0x000001ed18dbed70 Implicit null exception at 0x000001ed23e4d3ec to 0x000001ed23e4d5d8
Event: 2.181 Thread 0x000001ed18dbed70 Exception <a 'java/lang/NoSuchMethodError'{0x0000000088f44f00}: 'void java.lang.invoke.DirectMethodHandle$Holder.invokeStaticInit(java.lang.Object)'> (0x0000000088f44f00) 
thrown [t:\workspace\open\src\hotspot\share\interpreter\linkResolver.cpp, line 790]
Event: 2.290 Thread 0x000001ed3423a990 Exception <a 'java/lang/NoSuchMethodError'{0x0000000088fd9b58}: 'void java.lang.invoke.DirectMethodHandle$Holder.invokeVirtual(java.lang.Object, java.lang.Object)'> (0x0000000088fd9b58) 
thrown [t:\workspace\open\src\hotspot\share\interpreter\linkResolver.cpp, line 790]
Event: 2.318 Thread 0x000001ed18dbed70 Exception <a 'java/lang/NoClassDefFoundError'{0x0000000081fc7fb0}: org/slf4j/impl/StaticLoggerBinder> (0x0000000081fc7fb0) 
thrown [t:\workspace\open\src\hotspot\share\classfile\systemDictionary.cpp, line 245]
Event: 2.396 Thread 0x000001ed356fb010 Exception <a 'java/lang/NoSuchMethodError'{0x0000000081cc1908}: 'java.lang.Object java.lang.invoke.DirectMethodHandle$Holder.invokeStaticInit(java.lang.Object, java.lang.Object, java.lang.Object)'> (0x0000000081cc1908) 
thrown [t:\workspace\open\src\hotspot\share\interpreter\linkResolver.cpp, line 790]
Event: 2.401 Thread 0x000001ed356fb010 Exception <a 'java/lang/NoSuchMethodError'{0x0000000081b11070}: 'int java.lang.invoke.DirectMethodHandle$Holder.invokeSpecial(java.lang.Object, java.lang.Object, java.lang.Object)'> (0x0000000081b11070) 
thrown [t:\workspace\open\src\hotspot\share\interpreter\linkResolver.cpp, line 790]

Events (20 events):
Event: 2.455 loading class java/time/Period done
Event: 2.456 loading class java/time/format/DateTimePrintContext
Event: 2.456 loading class java/time/format/DateTimePrintContext done
Event: 2.456 loading class java/time/Instant$1
Event: 2.457 loading class java/time/Instant$1 done
Event: 2.457 loading class java/time/ZoneOffset
Event: 2.457 loading class java/time/ZoneOffset done
Event: 2.457 loading class java/time/LocalDateTime
Event: 2.458 loading class java/time/chrono/ChronoLocalDateTime
Event: 2.459 loading class java/time/chrono/ChronoLocalDateTime done
Event: 2.459 loading class java/time/LocalDateTime done
Event: 2.459 loading class java/time/LocalDate
Event: 2.459 loading class java/time/chrono/ChronoLocalDate
Event: 2.460 loading class java/time/chrono/ChronoLocalDate done
Event: 2.460 loading class java/time/LocalDate done
Event: 2.460 loading class java/time/LocalTime
Event: 2.461 loading class java/time/LocalTime done
Event: 2.469 loading class jdk/internal/access/foreign/MemorySegmentProxy
Event: 2.469 loading class jdk/internal/access/foreign/MemorySegmentProxy done
Event: 2.483 Executing  VM operation: G1CollectForAllocation


Dynamic libraries:
0x00007ff767ac0000 - 0x00007ff767ace000 	C:\Users\julia\.p2\pool\plugins\org.eclipse.justj.openjdk.hotspot.jre.full.win32.x86_64_16.0.2.v20210721-1149\jre\bin\javaw.exe
0x00007ffff4730000 - 0x00007ffff4925000 	C:\Windows\SYSTEM32\ntdll.dll
0x00007ffff28e0000 - 0x00007ffff299e000 	C:\Windows\System32\KERNEL32.DLL
0x00007ffff1f30000 - 0x00007ffff21f8000 	C:\Windows\System32\KERNELBASE.dll
0x00007ffff23d0000 - 0x00007ffff24d0000 	C:\Windows\System32\ucrtbase.dll
0x00007fffd41d0000 - 0x00007fffd41e9000 	C:\Users\julia\.p2\pool\plugins\org.eclipse.justj.openjdk.hotspot.jre.full.win32.x86_64_16.0.2.v20210721-1149\jre\bin\VCRUNTIME140.dll
0x00007fffd8fa0000 - 0x00007fffd8fb8000 	C:\Users\julia\.p2\pool\plugins\org.eclipse.justj.openjdk.hotspot.jre.full.win32.x86_64_16.0.2.v20210721-1149\jre\bin\jli.dll
0x00007ffff3fd0000 - 0x00007ffff4171000 	C:\Windows\System32\USER32.dll
0x00007fffddf40000 - 0x00007fffde1da000 	C:\Windows\WinSxS\amd64_microsoft.windows.common-controls_6595b64144ccf1df_6.0.19041.1110_none_60b5254171f9507e\COMCTL32.dll
0x00007ffff2290000 - 0x00007ffff22b2000 	C:\Windows\System32\win32u.dll
0x00007ffff3590000 - 0x00007ffff362e000 	C:\Windows\System32\msvcrt.dll
0x00007ffff29a0000 - 0x00007ffff29cb000 	C:\Windows\System32\GDI32.dll
0x00007ffff22c0000 - 0x00007ffff23cb000 	C:\Windows\System32\gdi32full.dll
0x00007ffff2580000 - 0x00007ffff261d000 	C:\Windows\System32\msvcp_win.dll
0x00007ffff2780000 - 0x00007ffff27b0000 	C:\Windows\System32\IMM32.DLL
0x00007fffdd8e0000 - 0x00007fffdd8ec000 	C:\Users\julia\.p2\pool\plugins\org.eclipse.justj.openjdk.hotspot.jre.full.win32.x86_64_16.0.2.v20210721-1149\jre\bin\vcruntime140_1.dll
0x00007fffcc9e0000 - 0x00007fffcca71000 	C:\Users\julia\.p2\pool\plugins\org.eclipse.justj.openjdk.hotspot.jre.full.win32.x86_64_16.0.2.v20210721-1149\jre\bin\msvcp140.dll
0x00007fffb6ca0000 - 0x00007fffb784b000 	C:\Users\julia\.p2\pool\plugins\org.eclipse.justj.openjdk.hotspot.jre.full.win32.x86_64_16.0.2.v20210721-1149\jre\bin\server\jvm.dll
0x00007ffff2c70000 - 0x00007ffff2d1c000 	C:\Windows\System32\ADVAPI32.dll
0x00007ffff2eb0000 - 0x00007ffff2f4b000 	C:\Windows\System32\sechost.dll
0x00007ffff33b0000 - 0x00007ffff34da000 	C:\Windows\System32\RPCRT4.dll
0x00007ffff2d80000 - 0x00007ffff2d88000 	C:\Windows\System32\PSAPI.DLL
0x00007fffeb770000 - 0x00007fffeb77a000 	C:\Windows\SYSTEM32\VERSION.dll
0x00007fffe88e0000 - 0x00007fffe8907000 	C:\Windows\SYSTEM32\WINMM.dll
0x00007fffddac0000 - 0x00007fffddac9000 	C:\Windows\SYSTEM32\WSOCK32.dll
0x00007ffff2ad0000 - 0x00007ffff2b3b000 	C:\Windows\System32\WS2_32.dll
0x00007fffefd70000 - 0x00007fffefd82000 	C:\Windows\SYSTEM32\kernel.appcore.dll
0x00007fffe9370000 - 0x00007fffe937a000 	C:\Users\julia\.p2\pool\plugins\org.eclipse.justj.openjdk.hotspot.jre.full.win32.x86_64_16.0.2.v20210721-1149\jre\bin\jimage.dll
0x00007fffe7440000 - 0x00007fffe7624000 	C:\Windows\SYSTEM32\DBGHELP.DLL
0x00007fffe6180000 - 0x00007fffe61ac000 	C:\Windows\SYSTEM32\dbgcore.DLL
0x00007ffff1e50000 - 0x00007ffff1ed3000 	C:\Windows\System32\bcryptPrimitives.dll
0x00007fffe7a70000 - 0x00007fffe7a95000 	C:\Users\julia\.p2\pool\plugins\org.eclipse.justj.openjdk.hotspot.jre.full.win32.x86_64_16.0.2.v20210721-1149\jre\bin\java.dll
0x00007fffe9350000 - 0x00007fffe9368000 	C:\Users\julia\.p2\pool\plugins\org.eclipse.justj.openjdk.hotspot.jre.full.win32.x86_64_16.0.2.v20210721-1149\jre\bin\zip.dll
0x00007ffff3890000 - 0x00007ffff3fcf000 	C:\Windows\System32\SHELL32.dll
0x00007fffeff70000 - 0x00007ffff0700000 	C:\Windows\SYSTEM32\windows.storage.dll
0x00007ffff2f50000 - 0x00007ffff32a5000 	C:\Windows\System32\combase.dll
0x00007ffff18a0000 - 0x00007ffff18ce000 	C:\Windows\SYSTEM32\Wldp.dll
0x00007ffff34e0000 - 0x00007ffff358d000 	C:\Windows\System32\SHCORE.dll
0x00007ffff2880000 - 0x00007ffff28d5000 	C:\Windows\System32\shlwapi.dll
0x00007ffff1d90000 - 0x00007ffff1daf000 	C:\Windows\SYSTEM32\profapi.dll
0x00007fffe6500000 - 0x00007fffe6519000 	C:\Users\julia\.p2\pool\plugins\org.eclipse.justj.openjdk.hotspot.jre.full.win32.x86_64_16.0.2.v20210721-1149\jre\bin\net.dll
0x00007fffec360000 - 0x00007fffec46c000 	C:\Windows\SYSTEM32\WINHTTP.dll
0x00007ffff1600000 - 0x00007ffff166a000 	C:\Windows\system32\mswsock.dll
0x00007fffdc690000 - 0x00007fffdc6a3000 	C:\Users\julia\.p2\pool\plugins\org.eclipse.justj.openjdk.hotspot.jre.full.win32.x86_64_16.0.2.v20210721-1149\jre\bin\nio.dll
0x00007ffff12f0000 - 0x00007ffff13bb000 	C:\Windows\SYSTEM32\DNSAPI.dll
0x00007ffff12a0000 - 0x00007ffff12db000 	C:\Windows\SYSTEM32\IPHLPAPI.DLL
0x00007ffff4680000 - 0x00007ffff4688000 	C:\Windows\System32\NSI.dll
0x00007fffea080000 - 0x00007fffea08a000 	C:\Windows\System32\rasadhlp.dll
0x00007fffe9b70000 - 0x00007fffe9bef000 	C:\Windows\System32\fwpuclnt.dll
0x00007ffff2200000 - 0x00007ffff2227000 	C:\Windows\System32\bcrypt.dll
0x00007ffff17f0000 - 0x00007ffff1808000 	C:\Windows\SYSTEM32\CRYPTSP.dll
0x00007ffff0f10000 - 0x00007ffff0f44000 	C:\Windows\system32\rsaenh.dll
0x00007ffff1d50000 - 0x00007ffff1d7e000 	C:\Windows\SYSTEM32\USERENV.dll
0x00007ffff1810000 - 0x00007ffff181c000 	C:\Windows\SYSTEM32\CRYPTBASE.dll
0x00007fffebea0000 - 0x00007fffebeb7000 	C:\Windows\SYSTEM32\dhcpcsvc6.DLL
0x00007fffebe80000 - 0x00007fffebe9d000 	C:\Windows\SYSTEM32\dhcpcsvc.DLL
0x00007fffdcf40000 - 0x00007fffdcf4e000 	C:\Users\julia\.p2\pool\plugins\org.eclipse.justj.openjdk.hotspot.jre.full.win32.x86_64_16.0.2.v20210721-1149\jre\bin\sunmscapi.dll
0x00007ffff2620000 - 0x00007ffff2776000 	C:\Windows\System32\CRYPT32.dll
0x00007ffff1910000 - 0x00007ffff1937000 	C:\Windows\SYSTEM32\ncrypt.dll
0x00007ffff18d0000 - 0x00007ffff190b000 	C:\Windows\SYSTEM32\NTASN1.dll
0x00007fffa8560000 - 0x00007fffa86df000 	C:\Users\julia\.p2\pool\plugins\org.eclipse.justj.openjdk.hotspot.jre.full.win32.x86_64_16.0.2.v20210721-1149\jre\bin\awt.dll
0x00007ffff27b0000 - 0x00007ffff287d000 	C:\Windows\System32\OLEAUT32.dll
0x00007fffef5d0000 - 0x00007fffef660000 	C:\Windows\SYSTEM32\apphelp.dll
0x00007fffefa80000 - 0x00007fffefaaf000 	C:\Windows\system32\DWMAPI.DLL
0x00007fffef870000 - 0x00007fffef90e000 	C:\Windows\system32\uxtheme.dll
0x00007fffb7f30000 - 0x00007fffb8055000 	C:\Windows\system32\opengl32.dll
0x00007fffd41a0000 - 0x00007fffd41cc000 	C:\Windows\SYSTEM32\GLU32.dll
0x00007ffff2d90000 - 0x00007ffff2ea5000 	C:\Windows\System32\MSCTF.dll
0x00007ffff2b40000 - 0x00007ffff2c6a000 	C:\Windows\System32\ole32.dll
0x00007fffe6c60000 - 0x00007fffe6e2e000 	C:\Windows\system32\d3d9.dll
0x00007fffea2c0000 - 0x00007fffea3c6000 	C:\Windows\System32\DriverStore\FileRepository\nv_dispi.inf_amd64_19c79fb6254e3b11\nvldumdx.dll
0x00007ffff1a30000 - 0x00007ffff1a42000 	C:\Windows\SYSTEM32\msasn1.dll
0x00007fffeb650000 - 0x00007fffeb681000 	C:\Windows\SYSTEM32\cryptnet.dll
0x00007fffe9e80000 - 0x00007fffe9fca000 	C:\Windows\SYSTEM32\drvstore.dll
0x00007ffff1bf0000 - 0x00007ffff1c24000 	C:\Windows\SYSTEM32\devobj.dll
0x00007ffff1ee0000 - 0x00007ffff1f2e000 	C:\Windows\System32\cfgmgr32.dll
0x00007ffff2230000 - 0x00007ffff2290000 	C:\Windows\System32\WINTRUST.DLL
0x00007ffff29d0000 - 0x00007ffff29ed000 	C:\Windows\System32\imagehlp.dll
0x00007fff87020000 - 0x00007fff888d1000 	C:\Windows\System32\DriverStore\FileRepository\nv_dispi.inf_amd64_19c79fb6254e3b11\nvd3dumx.dll
0x00007fffb6030000 - 0x00007fffb62f3000 	C:\Windows\system32\nvspcap64.dll
0x00007ffff0b40000 - 0x00007ffff0b73000 	C:\Windows\SYSTEM32\ntmarta.dll
0x00007ffff0710000 - 0x00007ffff0733000 	C:\Windows\SYSTEM32\gpapi.dll
0x00007fffea4c0000 - 0x00007fffea4fb000 	C:\Windows\SYSTEM32\dxcore.dll
0x00007fffc0550000 - 0x00007fffc05d9000 	C:\Users\julia\.p2\pool\plugins\org.eclipse.justj.openjdk.hotspot.jre.full.win32.x86_64_16.0.2.v20210721-1149\jre\bin\freetype.dll
0x00007fffa7520000 - 0x00007fffa7616000 	C:\Users\julia\.p2\pool\plugins\org.eclipse.justj.openjdk.hotspot.jre.full.win32.x86_64_16.0.2.v20210721-1149\jre\bin\harfbuzz.dll
0x00007fffda290000 - 0x00007fffda2a2000 	C:\Users\julia\.p2\pool\plugins\org.eclipse.justj.openjdk.hotspot.jre.full.win32.x86_64_16.0.2.v20210721-1149\jre\bin\fontmanager.dll
0x00007ffff3630000 - 0x00007ffff36d9000 	C:\Windows\System32\clbcatq.dll
0x00007fffebcc0000 - 0x00007fffebe74000 	C:\Windows\SYSTEM32\WindowsCodecs.dll
0x00007fffe5270000 - 0x00007fffe52ae000 	C:\Windows\system32\dataexchange.dll
0x00007fffee800000 - 0x00007fffee9e5000 	C:\Windows\system32\dcomp.dll
0x00007fffedfa0000 - 0x00007fffee204000 	C:\Windows\system32\d3d11.dll
0x00007ffff0740000 - 0x00007ffff0834000 	C:\Windows\system32\dxgi.dll
0x00007fffebec0000 - 0x00007fffec0c1000 	C:\Windows\system32\twinapi.appcore.dll
0x00007fffe6520000 - 0x00007fffe6619000 	C:\Windows\SYSTEM32\textinputframework.dll
0x00007fffef0e0000 - 0x00007fffef1d2000 	C:\Windows\System32\CoreMessaging.dll
0x00007fffeea00000 - 0x00007fffeed5e000 	C:\Windows\System32\CoreUIComponents.dll
0x00007fffed9b0000 - 0x00007fffedb04000 	C:\Windows\SYSTEM32\wintypes.dll
0x00007fffe9330000 - 0x00007fffe9340000 	C:\Users\julia\.p2\pool\plugins\org.eclipse.justj.openjdk.hotspot.jre.full.win32.x86_64_16.0.2.v20210721-1149\jre\bin\verify.dll
0x00007fffe9390000 - 0x00007fffe9399000 	C:\Users\julia\.p2\pool\plugins\org.eclipse.justj.openjdk.hotspot.jre.full.win32.x86_64_16.0.2.v20210721-1149\jre\bin\management.dll
0x00007fffdd770000 - 0x00007fffdd77b000 	C:\Users\julia\.p2\pool\plugins\org.eclipse.justj.openjdk.hotspot.jre.full.win32.x86_64_16.0.2.v20210721-1149\jre\bin\management_ext.dll

dbghelp: loaded successfully - version: 4.0.5 - missing functions: none
symbol engine: initialized successfully - sym options: 0x614 - pdb path: .;C:\Users\julia\.p2\pool\plugins\org.eclipse.justj.openjdk.hotspot.jre.full.win32.x86_64_16.0.2.v20210721-1149\jre\bin;C:\Windows\SYSTEM32;C:\Windows\WinSxS\amd64_microsoft.windows.common-controls_6595b64144ccf1df_6.0.19041.1110_none_60b5254171f9507e;C:\Users\julia\.p2\pool\plugins\org.eclipse.justj.openjdk.hotspot.jre.full.win32.x86_64_16.0.2.v20210721-1149\jre\bin\server;C:\Windows\System32\DriverStore\FileRepository\nv_dispi.inf_amd64_19c79fb6254e3b11

VM Arguments:
jvm_args: -Dfile.encoding=Cp1252 -XX:+ShowCodeDetailsInExceptionMessages 
java_command: web.App
java_class_path (initial): C:\Users\julia\Downloads\av2introducaoNotas\av2\target\classes;C:\Users\julia\.m2\repository\org\mariadb\jdbc\mariadb-java-client\2.6.2\mariadb-java-client-2.6.2.jar;C:\Users\julia\.m2\repository\com\sparkjava\spark-template-velocity\2.7.1\spark-template-velocity-2.7.1.jar;C:\Users\julia\.m2\repository\org\apache\velocity\velocity\1.7\velocity-1.7.jar;C:\Users\julia\.m2\repository\commons-collections\commons-collections\3.2.1\commons-collections-3.2.1.jar;C:\Users\julia\.m2\repository\commons-lang\commons-lang\2.4\commons-lang-2.4.jar;C:\Users\julia\.m2\repository\com\sparkjava\spark-core\2.9.3\spark-core-2.9.3.jar;C:\Users\julia\.m2\repository\org\slf4j\slf4j-api\1.7.25\slf4j-api-1.7.25.jar;C:\Users\julia\.m2\repository\org\eclipse\jetty\jetty-server\9.4.31.v20200723\jetty-server-9.4.31.v20200723.jar;C:\Users\julia\.m2\repository\javax\servlet\javax.servlet-api\3.1.0\javax.servlet-api-3.1.0.jar;C:\Users\julia\.m2\repository\org\eclipse\jetty\jetty-http\9.4.31.v20200723\jetty-http-9.4.31.v20200723.jar;C:\Users\julia\.m2\repository\org\eclipse\jetty\jetty-util\9.4.31.v20200723\jetty-util-9.4.31.v20200723.jar;C:\Users\julia\.m2\repository\org\eclipse\jetty\jetty-io\9.4.31.v20200723\jetty-io-9.4.31.v20200723.jar;C:\Users\julia\.m2\repository\org\eclipse\jetty\jetty-webapp\9.4.31.v20200723\jetty-webapp-9.4.31.v20200723.jar;C:\Users\julia\.m2\repository\org\eclipse\jetty\jetty-xml\9.4.31.v20200723\jetty-xml-9.4.31.v20200723.jar;C:\Users\julia\.m2\repository\org\eclipse\jetty\jetty-servlet\9.4.31.v20200723\jetty-servlet-9.4.31.v20200723.jar;C:\Users\julia\.m2\repository\org\eclipse\jetty\jetty-security\9.4.31.v20200723\jetty-security-9.4.31.v20200723.jar;C:\Users\julia\.m2\repository\org\eclipse\jetty\websocket\websocket-server\9.4.31.v20200723\websocket-server-9.4.31.v20200723.jar;C:\Users\julia\.m2\repository\org\eclipse\jetty\websocket\websocket-common\9.4.31.v20200723\websocket-common-9.4.31.v20200723.jar;C:\Users\julia\.m2\repository\org\
Launcher Type: SUN_STANDARD

[Global flags]
     intx CICompilerCount                          = 4                                         {product} {ergonomic}
     uint ConcGCThreads                            = 2                                         {product} {ergonomic}
     uint G1ConcRefinementThreads                  = 8                                         {product} {ergonomic}
   size_t G1HeapRegionSize                         = 1048576                                   {product} {ergonomic}
    uintx GCDrainStackTargetSize                   = 64                                        {product} {ergonomic}
   size_t InitialHeapSize                          = 134217728                                 {product} {ergonomic}
   size_t MarkStackSize                            = 4194304                                   {product} {ergonomic}
   size_t MaxHeapSize                              = 2130706432                                {product} {ergonomic}
   size_t MaxNewSize                               = 1278214144                                {product} {ergonomic}
   size_t MinHeapDeltaBytes                        = 1048576                                   {product} {ergonomic}
   size_t MinHeapSize                              = 8388608                                   {product} {ergonomic}
    uintx NonNMethodCodeHeapSize                   = 5839372                                {pd product} {ergonomic}
    uintx NonProfiledCodeHeapSize                  = 122909434                              {pd product} {ergonomic}
    uintx ProfiledCodeHeapSize                     = 122909434                              {pd product} {ergonomic}
    uintx ReservedCodeCacheSize                    = 251658240                              {pd product} {ergonomic}
     bool SegmentedCodeCache                       = true                                      {product} {ergonomic}
     bool ShowCodeDetailsInExceptionMessages       = true                                   {manageable} {command line}
   size_t SoftMaxHeapSize                          = 2130706432                             {manageable} {ergonomic}
     bool UseCompressedClassPointers               = true                           {product lp64_product} {ergonomic}
     bool UseCompressedOops                        = true                           {product lp64_product} {ergonomic}
     bool UseG1GC                                  = true                                      {product} {ergonomic}
     bool UseLargePagesIndividualAllocation        = false                                  {pd product} {ergonomic}

Logging:
Log output configuration:
 #0: stdout all=warning uptime,level,tags
 #1: stderr all=off uptime,level,tags

Environment Variables:
JAVA_HOME=C:\Program Files\Java\jdk-17
PATH=C:/Users/julia/.p2/pool/plugins/org.eclipse.justj.openjdk.hotspot.jre.full.win32.x86_64_16.0.2.v20210721-1149/jre/bin/server;C:/Users/julia/.p2/pool/plugins/org.eclipse.justj.openjdk.hotspot.jre.full.win32.x86_64_16.0.2.v20210721-1149/jre/bin;C:\Program Files\Java\jdk-17;C:\Program Files\Common Files\Oracle\Java\javapath;C:\Program Files (x86)\Common Files\Oracle\Java\javapath;C:\Windows\system32;C:\Windows;C:\Windows\System32\Wbem;C:\Windows\System32\WindowsPowerShell\v1.0\;C:\Windows\System32\OpenSSH\;C:\Program Files\NVIDIA Corporation\NVIDIA NvDLISR;C:\Program Files (x86)\NVIDIA Corporation\PhysX\Common;C:\Users\julia\Downloads\apache-maven-3.8.3-bin\apache-maven-3.8.3\bin;C:\Program Files\Git\cmd;C:\Program Files\nodejs\;E:\Anaconda\Scripts;C:\Program Files\MySQL\MySQL Shell 8.0\bin\;C:\Users\julia\AppData\Local\Microsoft\WindowsApps;;C:\Users\julia\AppData\Local\Programs\Microsoft VS Code\bin;C:\Users\julia\AppData\Roaming\npm;C:\Program Files (x86)\heroku\bin;C:\Users\julia\Desktop;
USERNAME=julia
OS=Windows_NT
PROCESSOR_IDENTIFIER=AMD64 Family 23 Model 1 Stepping 1, AuthenticAMD



---------------  S Y S T E M  ---------------

OS:
 Windows 10 , 64 bit Build 19041 (10.0.19041.1348)
OS uptime: 5 days 0:32 hours

CPU: total 8 (initial active 8) (8 cores per cpu, 2 threads per core) family 23 model 1 stepping 1 microcode 0x0, cx8, cmov, fxsr, ht, mmx, 3dnowpref, sse, sse2, sse3, ssse3, sse4a, sse4.1, sse4.2, popcnt, lzcnt, tsc, tscinvbit, avx, avx2, aes, clmul, bmi1, bmi2, adx, sha, fma, vzeroupper, clflush, clflushopt

Memory: 4k page, system-wide physical 8121M (2192M free)
TotalPageFile size 15545M (AvailPageFile size 5212M)
current process WorkingSet (physical memory assigned to process): 115M, peak: 115M
current process commit charge ("private bytes"): 145M, peak: 245M

vm_info: OpenJDK 64-Bit Server VM (16.0.2+7-67) for windows-amd64 JRE (16.0.2+7-67), built on Jun  8 2021 23:21:43 by "mach5one" with MS VC++ 16.7 (VS2019)

END.
